2024-09-23 10:20:01 : Fail to collect https://www.pixiv.net/ranking.php?mode=weekly&content=illust&date=20240502&p=1&format=json.
2024-09-23 10:20:01 : Fail to collect https://www.pixiv.net/ranking.php?mode=weekly&content=illust&date=20240501&p=1&format=json.
2024-09-23 10:29:55 : Fail to collect https://www.pixiv.net/ranking.php?mode=weekly&content=illust&date=20240501&p=1&format=json.
2024-09-23 10:29:55 : Fail to collect https://www.pixiv.net/ranking.php?mode=weekly&content=illust&date=20240502&p=1&format=json.
2024-09-23 10:33:59 : Fail to collect https://www.pixiv.net/ranking.php?mode=weekly&content=illust&date=20240502&p=1&format=json.
2024-09-23 10:33:59 : Fail to collect https://www.pixiv.net/ranking.php?mode=weekly&content=illust&date=20240501&p=1&format=json.
2024-09-23 10:34:30 : Fail to collect https://www.pixiv.net/ranking.php?mode=weekly&content=illust&date=20240902&p=1&format=json.
2024-09-23 10:34:30 : Fail to collect https://www.pixiv.net/ranking.php?mode=weekly&content=illust&date=20240901&p=1&format=json.
2024-09-23 14:49:19 : Fail to collect https://www.pixiv.net/ajax/user/38297201/profile/all?lang=zh.
2024-09-23 14:53:01 : Fail to collect https://www.pixiv.net/ajax/user/38297201/profile/all?lang=zh.
2024-09-23 18:34:57 : Fail to collect https://www.pixiv.net/ajax/search/artworks/?word=&order=date_d&mode=r18&p=1&s_mode=s_tag&type=all&lang=zh.
2024-09-23 18:35:23 : Fail to collect https://www.pixiv.net/ajax/search/artworks/?word=&order=date_d&mode=r18&p=1&s_mode=s_tag&type=all&lang=zh.
2024-09-23 18:51:27 : Fail to collect https://www.pixiv.net/ranking.php?mode=weekly_r18&content=illust&date=20240503&p=1&format=json.
2024-09-23 18:51:27 : Fail to collect https://www.pixiv.net/ranking.php?mode=weekly_r18&content=illust&date=20240504&p=1&format=json.
2024-09-23 18:51:27 : Fail to collect https://www.pixiv.net/ranking.php?mode=weekly_r18&content=illust&date=20240502&p=1&format=json.
2024-09-23 18:51:27 : Fail to collect https://www.pixiv.net/ranking.php?mode=weekly_r18&content=illust&date=20240507&p=1&format=json.
2024-09-23 18:51:27 : Fail to collect https://www.pixiv.net/ranking.php?mode=weekly_r18&content=illust&date=20240505&p=1&format=json.
2024-09-23 18:51:27 : Fail to collect https://www.pixiv.net/ranking.php?mode=weekly_r18&content=illust&date=20240506&p=1&format=json.
2024-09-23 18:51:27 : Fail to collect https://www.pixiv.net/ranking.php?mode=weekly_r18&content=illust&date=20240501&p=1&format=json.
2024-09-23 18:52:30 : Fail to collect https://www.pixiv.net/ranking.php?mode=weekly_r18&content=illust&date=20240507&p=1&format=json.
2024-09-23 18:52:30 : Fail to collect https://www.pixiv.net/ranking.php?mode=weekly_r18&content=illust&date=20240502&p=1&format=json.
2024-09-23 18:52:30 : Fail to collect https://www.pixiv.net/ranking.php?mode=weekly_r18&content=illust&date=20240504&p=1&format=json.
2024-09-23 18:52:30 : Fail to collect https://www.pixiv.net/ranking.php?mode=weekly_r18&content=illust&date=20240503&p=1&format=json.
2024-09-23 18:52:30 : Fail to collect https://www.pixiv.net/ranking.php?mode=weekly_r18&content=illust&date=20240505&p=1&format=json.
2024-09-23 18:52:30 : Fail to collect https://www.pixiv.net/ranking.php?mode=weekly_r18&content=illust&date=20240506&p=1&format=json.
2024-09-23 18:52:30 : Fail to collect https://www.pixiv.net/ranking.php?mode=weekly_r18&content=illust&date=20240501&p=1&format=json.
2024-09-23 18:54:08 : Fail to collect https://www.pixiv.net/ranking.php?mode=weekly_r18&content=illust&date=20240505&p=1&format=json.
2024-09-23 18:54:08 : Fail to collect https://www.pixiv.net/ranking.php?mode=weekly_r18&content=illust&date=20240507&p=1&format=json.
2024-09-23 18:54:08 : Fail to collect https://www.pixiv.net/ranking.php?mode=weekly_r18&content=illust&date=20240503&p=1&format=json.
2024-09-23 18:54:09 : Fail to collect https://www.pixiv.net/ranking.php?mode=weekly_r18&content=illust&date=20240506&p=1&format=json.
2024-09-23 18:54:09 : Fail to collect https://www.pixiv.net/ranking.php?mode=weekly_r18&content=illust&date=20240502&p=1&format=json.
2024-09-23 18:54:09 : Fail to collect https://www.pixiv.net/ranking.php?mode=weekly_r18&content=illust&date=20240504&p=1&format=json.
2024-09-23 18:54:09 : Fail to collect https://www.pixiv.net/ranking.php?mode=weekly_r18&content=illust&date=20240501&p=1&format=json.
2024-09-23 18:56:19 : Fail to collect https://www.pixiv.net/ranking.php?mode=weekly_r18&content=illust&date=20240504&p=1&format=json.
2024-09-23 18:56:19 : Fail to collect https://www.pixiv.net/ranking.php?mode=weekly_r18&content=illust&date=20240506&p=1&format=json.
2024-09-23 18:56:19 : Fail to collect https://www.pixiv.net/ranking.php?mode=weekly_r18&content=illust&date=20240502&p=1&format=json.
2024-09-23 18:56:21 : Fail to collect https://www.pixiv.net/ranking.php?mode=weekly_r18&content=illust&date=20240505&p=1&format=json.
2024-09-23 18:56:21 : Fail to collect https://www.pixiv.net/ranking.php?mode=weekly_r18&content=illust&date=20240503&p=1&format=json.
2024-09-23 18:56:22 : Fail to collect https://www.pixiv.net/ranking.php?mode=weekly_r18&content=illust&date=20240507&p=1&format=json.
2024-09-23 18:56:22 : Fail to collect https://www.pixiv.net/ranking.php?mode=weekly_r18&content=illust&date=20240501&p=1&format=json.
2024-09-23 18:56:26 : Fail to collect https://www.pixiv.net/ranking.php?mode=weekly_r18&content=illust&date=20240501&p=1&format=json.
2024-09-23 18:56:26 : Fail to collect https://www.pixiv.net/ranking.php?mode=weekly_r18&content=illust&date=20240502&p=1&format=json.
2024-09-23 18:56:26 : Fail to collect https://www.pixiv.net/ranking.php?mode=weekly_r18&content=illust&date=20240504&p=1&format=json.
2024-09-23 18:56:27 : Fail to collect https://www.pixiv.net/ranking.php?mode=weekly_r18&content=illust&date=20240503&p=1&format=json.
2024-09-23 18:56:27 : Fail to collect https://www.pixiv.net/ranking.php?mode=weekly_r18&content=illust&date=20240505&p=1&format=json.
2024-09-23 18:56:27 : Fail to collect https://www.pixiv.net/ranking.php?mode=weekly_r18&content=illust&date=20240506&p=1&format=json.
2024-09-23 18:56:28 : Fail to collect https://www.pixiv.net/ranking.php?mode=weekly_r18&content=illust&date=20240507&p=1&format=json.
2024-09-23 18:57:29 : Fail to collect https://www.pixiv.net/ranking.php?mode=weekly_r18&content=illust&date=20240502&p=1&format=json.
2024-09-23 18:57:29 : Fail to collect https://www.pixiv.net/ranking.php?mode=weekly_r18&content=illust&date=20240501&p=1&format=json.
2024-09-23 20:36:25 : Fail to collect https://www.pixiv.net/ajax/search/artworks/ch%20%E8%83%96%E6%AC%A1%20AND%20(500users%20OR%201000users%20OR%205000users%20OR%2010000users)?word=ch%20%E8%83%96%E6%AC%A1%20AND%20%28500users%20OR%201000users%20OR%205000users%20OR%2010000users%29&order=date_d&mode=safe&p=1&s_mode=s_tag&type=all&lang=zh.
2024-09-23 20:39:39 : Fail to collect https://www.pixiv.net/ajax/search/artworks/ch%20%E8%90%9D%E8%8E%89%20AND%20(500users%20OR%201000users%20OR%205000users%20OR%2010000users)?word=ch%20%E8%90%9D%E8%8E%89%20AND%20%28500users%20OR%201000users%20OR%205000users%20OR%2010000users%29&order=date_d&mode=safe&p=1&s_mode=s_tag&type=all&lang=zh.
2024-09-24 14:10:33 : Fail to collect https://www.pixiv.net/ajax/search/artworks/ch%20%E8%90%9D%E8%8E%89%20AND%20(500users%20OR%201000users%20OR%205000users%20OR%2010000users)?word=ch%20%E8%90%9D%E8%8E%89%20AND%20%28500users%20OR%201000users%20OR%205000users%20OR%2010000users%29&order=date_d&mode=safe&p=1&s_mode=s_tag&type=all&lang=zh.
